<?xml version="1.0" encoding="UTF-8"?>
<!-- Generated by org.testng.reporters.JUnitReportReporter -->
<testsuite skipped="0" hostname="Padmini-VAIO" name="com.crm.qa.practice.testcases.LoginPageTest" tests="3" failures="0" timestamp="15 Apr 2018 09:13:15 GMT" time="72.436" errors="0">
  <testcase name="loginTest" time="35.142" classname="com.crm.qa.practice.testcases.LoginPageTest"/>
  <testcase name="crmLogoImageTest" time="18.344" classname="com.crm.qa.practice.testcases.LoginPageTest"/>
  <testcase name="loginPageTitleTest" time="18.950" classname="com.crm.qa.practice.testcases.LoginPageTest"/>
</testsuite> <!-- com.crm.qa.practice.testcases.LoginPageTest -->
